\BOOKMARK [-1][-]{part.1}{\376\377\000I\000\040\000A\000l\000g\000e\000b\000r\000a}{}% 1
\BOOKMARK [0][-]{chapter.1}{\376\377\000F\000u\000n\000d\000a\000m\000e\000n\000t\000a\000l\000s}{part.1}% 2
\BOOKMARK [1][-]{section.1.1}{\376\377\000B\000i\000n\000a\000r\000y\000\040\000E\000x\000p\000o\000n\000e\000n\000t\000i\000a\000t\000i\000o\000n}{chapter.1}% 3
\BOOKMARK [1][-]{section.1.2}{\376\377\000E\000u\000c\000l\000i\000d\000e\000a\000n\000\040\000a\000l\000g\000o\000r\000i\000t\000h\000m\000\040\000f\000o\000r\000\040\000c\000o\000m\000p\000u\000t\000i\000n\000g\000\040\000t\000h\000e\000\040\000g\000r\000e\000a\000t\000e\000s\000t\000\040\000c\000o\000m\000m\000o\000n\000\040\000d\000i\000v\000i\000s\000o\000r}{chapter.1}% 4
\BOOKMARK [1][-]{section.1.3}{\376\377\000E\000x\000t\000e\000n\000d\000e\000d\000\040\000E\000u\000c\000l\000i\000d\000e\000a\000n\000\040\000A\000l\000g\000o\000r\000i\000t\000h\000m}{chapter.1}% 5
\BOOKMARK [1][-]{section.1.4}{\376\377\000L\000i\000n\000e\000a\000r\000\040\000D\000i\000o\000p\000h\000a\000n\000t\000i\000n\000e\000\040\000E\000q\000u\000a\000t\000i\000o\000n}{chapter.1}% 6
\BOOKMARK [1][-]{section.1.5}{\376\377\000F\000i\000b\000o\000n\000a\000c\000c\000i\000\040\000N\000u\000m\000b\000e\000r\000s}{chapter.1}% 7
\BOOKMARK [0][-]{chapter.2}{\376\377\000P\000r\000i\000m\000e\000\040\000n\000u\000m\000b\000e\000r\000s}{part.1}% 8
\BOOKMARK [1][-]{section.2.1}{\376\377\000S\000i\000e\000v\000e\000\040\000o\000f\000\040\000E\000r\000a\000t\000o\000s\000t\000h\000e\000n\000e\000s}{chapter.2}% 9
\BOOKMARK [1][-]{section.2.2}{\376\377\000L\000i\000n\000e\000a\000r\000\040\000S\000i\000e\000v\000e}{chapter.2}% 10
\BOOKMARK [1][-]{section.2.3}{\376\377\000P\000r\000i\000m\000a\000l\000i\000t\000y\000\040\000t\000e\000s\000t\000s}{chapter.2}% 11
\BOOKMARK [1][-]{section.2.4}{\376\377\000I\000n\000t\000e\000g\000e\000r\000\040\000f\000a\000c\000t\000o\000r\000i\000z\000a\000t\000i\000o\000n}{chapter.2}% 12
\BOOKMARK [0][-]{chapter.3}{\376\377\000N\000u\000m\000b\000e\000r\000-\000t\000h\000e\000o\000r\000e\000t\000i\000c\000\040\000f\000u\000n\000c\000t\000i\000o\000n\000s}{part.1}% 13
\BOOKMARK [1][-]{section.3.1}{\376\377\000E\000u\000l\000e\000r\000'\000s\000\040\000t\000o\000t\000i\000e\000n\000t\000\040\000f\000u\000n\000c\000t\000i\000o\000n}{chapter.3}% 14
\BOOKMARK [1][-]{section.3.2}{\376\377\000N\000u\000m\000b\000e\000r\000\040\000o\000f\000\040\000d\000i\000v\000i\000s\000o\000r\000s\000\040\000/\000\040\000s\000u\000m\000\040\000o\000f\000\040\000d\000i\000v\000i\000s\000o\000r\000s}{chapter.3}% 15
\BOOKMARK [0][-]{chapter.4}{\376\377\000M\000o\000d\000u\000l\000a\000r\000\040\000a\000r\000i\000t\000h\000m\000e\000t\000i\000c}{part.1}% 16
\BOOKMARK [1][-]{section.4.1}{\376\377\000M\000o\000d\000u\000l\000a\000r\000\040\000M\000u\000l\000t\000i\000p\000l\000i\000c\000a\000t\000i\000v\000e\000\040\000I\000n\000v\000e\000r\000s\000e}{chapter.4}% 17
\BOOKMARK [1][-]{section.4.2}{\376\377\000L\000i\000n\000e\000a\000r\000\040\000C\000o\000n\000g\000r\000u\000e\000n\000c\000e\000\040\000E\000q\000u\000a\000t\000i\000o\000n}{chapter.4}% 18
\BOOKMARK [1][-]{section.4.3}{\376\377\000C\000h\000i\000n\000e\000s\000e\000\040\000R\000e\000m\000a\000i\000n\000d\000e\000r\000\040\000T\000h\000e\000o\000r\000e\000m}{chapter.4}% 19
\BOOKMARK [1][-]{section.4.4}{\376\377\000G\000a\000r\000n\000e\000r\000'\000s\000\040\000a\000l\000g\000o\000r\000i\000t\000h\000m}{chapter.4}% 20
\BOOKMARK [1][-]{section.4.5}{\376\377\000F\000a\000c\000t\000o\000r\000i\000a\000l\000\040\000m\000o\000d\000u\000l\000o\000\040\000p}{chapter.4}% 21
\BOOKMARK [1][-]{section.4.6}{\376\377\000D\000i\000s\000c\000r\000e\000t\000e\000\040\000L\000o\000g\000a\000r\000i\000t\000h\000m}{chapter.4}% 22
\BOOKMARK [1][-]{section.4.7}{\376\377\000P\000r\000i\000m\000i\000t\000i\000v\000e\000\040\000R\000o\000o\000t}{chapter.4}% 23
\BOOKMARK [1][-]{section.4.8}{\376\377\000D\000i\000s\000c\000r\000e\000t\000e\000\040\000R\000o\000o\000t}{chapter.4}% 24
\BOOKMARK [1][-]{section.4.9}{\376\377\000M\000o\000n\000t\000g\000o\000m\000e\000r\000y\000\040\000M\000u\000l\000t\000i\000p\000l\000i\000c\000a\000t\000i\000o\000n}{chapter.4}% 25
\BOOKMARK [0][-]{chapter.5}{\376\377\000N\000u\000m\000b\000e\000r\000\040\000s\000y\000s\000t\000e\000m\000s}{part.1}% 26
\BOOKMARK [1][-]{section.5.1}{\376\377\000B\000a\000l\000a\000n\000c\000e\000d\000\040\000T\000e\000r\000n\000a\000r\000y}{chapter.5}% 27
\BOOKMARK [1][-]{section.5.2}{\376\377\000G\000r\000a\000y\000\040\000c\000o\000d\000e}{chapter.5}% 28
\BOOKMARK [0][-]{chapter.6}{\376\377\000M\000i\000s\000c\000e\000l\000l\000a\000n\000e\000o\000u\000s}{part.1}% 29
\BOOKMARK [1][-]{section.6.1}{\376\377\000B\000i\000t\000\040\000m\000a\000n\000i\000p\000u\000l\000a\000t\000i\000o\000n}{chapter.6}% 30
\BOOKMARK [1][-]{section.6.2}{\376\377\000S\000u\000b\000m\000a\000s\000k\000\040\000E\000n\000u\000m\000e\000r\000a\000t\000i\000o\000n}{chapter.6}% 31
\BOOKMARK [1][-]{section.6.3}{\376\377\000A\000r\000b\000i\000t\000r\000a\000r\000y\000-\000P\000r\000e\000c\000i\000s\000i\000o\000n\000\040\000A\000r\000i\000t\000h\000m\000e\000t\000i\000c}{chapter.6}% 32
\BOOKMARK [1][-]{section.6.4}{\376\377\000F\000a\000s\000t\000\040\000F\000o\000u\000r\000i\000e\000r\000\040\000t\000r\000a\000n\000s\000f\000o\000r\000m}{chapter.6}% 33
\BOOKMARK [1][-]{section.6.5}{\376\377\000O\000p\000e\000r\000a\000t\000i\000o\000n\000s\000\040\000o\000n\000\040\000p\000o\000l\000y\000n\000o\000m\000i\000a\000l\000s\000\040\000a\000n\000d\000\040\000s\000e\000r\000i\000e\000s}{chapter.6}% 34
\BOOKMARK [1][-]{section.6.6}{\376\377\000C\000o\000n\000t\000i\000n\000u\000e\000d\000\040\000f\000r\000a\000c\000t\000i\000o\000n\000s}{chapter.6}% 35
\BOOKMARK [1][-]{section.6.7}{\376\377\000B\000i\000n\000a\000r\000y\000\040\000E\000x\000p\000o\000n\000e\000n\000t\000i\000a\000t\000i\000o\000n\000\040\000b\000y\000\040\000F\000a\000c\000t\000o\000r\000i\000n\000g}{chapter.6}% 36
\BOOKMARK [-1][-]{part.2}{\376\377\000I\000I\000\040\000D\000a\000t\000a\000\040\000S\000t\000r\000u\000c\000t\000u\000r\000e\000s}{}% 37
\BOOKMARK [0][-]{chapter.7}{\376\377\000F\000u\000n\000d\000a\000m\000e\000n\000t\000a\000l\000s}{part.2}% 38
\BOOKMARK [1][-]{section.7.1}{\376\377\000M\000i\000n\000i\000m\000u\000m\000\040\000s\000t\000a\000c\000k\000\040\000/\000\040\000M\000i\000n\000i\000m\000u\000m\000\040\000q\000u\000e\000u\000e}{chapter.7}% 39
\BOOKMARK [1][-]{section.7.2}{\376\377\000S\000p\000a\000r\000s\000e\000\040\000T\000a\000b\000l\000e}{chapter.7}% 40
\BOOKMARK [0][-]{chapter.8}{\376\377\000T\000r\000e\000e\000s}{part.2}% 41
\BOOKMARK [1][-]{section.8.1}{\376\377\000D\000i\000s\000j\000o\000i\000n\000t\000\040\000S\000e\000t\000\040\000U\000n\000i\000o\000n}{chapter.8}% 42
\BOOKMARK [1][-]{section.8.2}{\376\377\000F\000e\000n\000w\000i\000c\000k\000\040\000T\000r\000e\000e}{chapter.8}% 43
\BOOKMARK [1][-]{section.8.3}{\376\377\000S\000q\000r\000t\000\040\000D\000e\000c\000o\000m\000p\000o\000s\000i\000t\000i\000o\000n}{chapter.8}% 44
\BOOKMARK [1][-]{section.8.4}{\376\377\000S\000e\000g\000m\000e\000n\000t\000\040\000T\000r\000e\000e}{chapter.8}% 45
\BOOKMARK [1][-]{section.8.5}{\376\377\000T\000r\000e\000a\000p\000\040\000\050\000C\000a\000r\000t\000e\000s\000i\000a\000n\000\040\000t\000r\000e\000e\000\051}{chapter.8}% 46
\BOOKMARK [1][-]{section.8.6}{\376\377\000S\000q\000r\000t\000\040\000T\000r\000e\000e}{chapter.8}% 47
\BOOKMARK [1][-]{section.8.7}{\376\377\000R\000a\000n\000d\000o\000m\000i\000z\000e\000d\000\040\000H\000e\000a\000p}{chapter.8}% 48
\BOOKMARK [0][-]{chapter.9}{\376\377\000A\000d\000v\000a\000n\000c\000e\000d}{part.2}% 49
\BOOKMARK [1][-]{section.9.1}{\376\377\000D\000e\000l\000e\000t\000i\000n\000g\000\040\000f\000r\000o\000m\000\040\000a\000\040\000d\000a\000t\000a\000\040\000s\000t\000r\000u\000c\000t\000u\000r\000e\000\040\000i\000n\000\040\000O\000\050\000T\000\050\000n\000\051\000\134\000l\000o\000g\000\040\000n\000\051}{chapter.9}% 50
\BOOKMARK [-1][-]{part.3}{\376\377\000I\000I\000I\000\040\000D\000y\000n\000a\000m\000i\000c\000\040\000P\000r\000o\000g\000r\000a\000m\000m\000i\000n\000g}{}% 51
\BOOKMARK [0][-]{section.9.2}{\376\377\000I\000n\000t\000r\000o\000d\000u\000c\000t\000i\000o\000n\000\040\000t\000o\000\040\000D\000y\000n\000a\000m\000i\000c\000\040\000P\000r\000o\000g\000r\000a\000m\000m\000i\000n\000g}{part.3}% 52
\BOOKMARK [1][-]{section.9.3}{\376\377\000K\000n\000a\000p\000s\000a\000c\000k\000\040\000P\000r\000o\000b\000l\000e\000m}{section.9.2}% 53
\BOOKMARK [1][-]{section.9.4}{\376\377\000L\000o\000n\000g\000e\000s\000t\000\040\000i\000n\000c\000r\000e\000a\000s\000i\000n\000g\000\040\000s\000u\000b\000s\000e\000q\000u\000e\000n\000c\000e}{section.9.2}% 54
\BOOKMARK [0][-]{chapter.10}{\376\377\000D\000P\000\040\000o\000p\000t\000i\000m\000i\000z\000a\000t\000i\000o\000n\000s}{part.3}% 55
\BOOKMARK [1][-]{section.10.1}{\376\377\000D\000i\000v\000i\000d\000e\000\040\000a\000n\000d\000\040\000C\000o\000n\000q\000u\000e\000r\000\040\000D\000P}{chapter.10}% 56
\BOOKMARK [1][-]{section.10.2}{\376\377\000K\000n\000u\000t\000h\000'\000s\000\040\000O\000p\000t\000i\000m\000i\000z\000a\000t\000i\000o\000n}{chapter.10}% 57
\BOOKMARK [0][-]{chapter.11}{\376\377\000T\000a\000s\000k\000s}{part.3}% 58
\BOOKMARK [1][-]{section.11.1}{\376\377\000D\000y\000n\000a\000m\000i\000c\000\040\000P\000r\000o\000g\000r\000a\000m\000m\000i\000n\000g\000\040\000o\000n\000\040\000B\000r\000o\000k\000e\000n\000\040\000P\000r\000o\000f\000i\000l\000e\000.\000\040\000P\000r\000o\000b\000l\000e\000m\000\040\000`\000`\000P\000a\000r\000q\000u\000e\000t\000'\000'}{chapter.11}% 59
\BOOKMARK [1][-]{section.11.2}{\376\377\000F\000i\000n\000d\000i\000n\000g\000\040\000t\000h\000e\000\040\000l\000a\000r\000g\000e\000s\000t\000\040\000z\000e\000r\000o\000\040\000s\000u\000b\000m\000a\000t\000r\000i\000x}{chapter.11}% 60
\BOOKMARK [-1][-]{part.4}{\376\377\000I\000V\000\040\000S\000t\000r\000i\000n\000g\000\040\000P\000r\000o\000c\000e\000s\000s\000i\000n\000g}{}% 61
\BOOKMARK [0][-]{chapter.12}{\376\377\000F\000u\000n\000d\000a\000m\000e\000n\000t\000a\000l\000s}{part.4}% 62
\BOOKMARK [1][-]{section.12.1}{\376\377\000S\000t\000r\000i\000n\000g\000\040\000H\000a\000s\000h\000i\000n\000g}{chapter.12}% 63
\BOOKMARK [1][-]{section.12.2}{\376\377\000R\000a\000b\000i\000n\000-\000K\000a\000r\000p\000\040\000A\000l\000g\000o\000r\000i\000t\000h\000m\000\040\000f\000o\000r\000\040\000s\000t\000r\000i\000n\000g\000\040\000m\000a\000t\000c\000h\000i\000n\000g}{chapter.12}% 64
\BOOKMARK [1][-]{section.12.3}{\376\377\000P\000r\000e\000f\000i\000x\000\040\000f\000u\000n\000c\000t\000i\000o\000n\000.\000\040\000K\000n\000u\000t\000h\040\023\000M\000o\000r\000r\000i\000s\040\023\000P\000r\000a\000t\000t\000\040\000a\000l\000g\000o\000r\000i\000t\000h\000m}{chapter.12}% 65
\BOOKMARK [1][-]{section.12.4}{\376\377\000Z\000-\000f\000u\000n\000c\000t\000i\000o\000n\000\040\000a\000n\000d\000\040\000i\000t\000s\000\040\000c\000a\000l\000c\000u\000l\000a\000t\000i\000o\000n}{chapter.12}% 66
\BOOKMARK [1][-]{section.12.5}{\376\377\000S\000u\000f\000f\000i\000x\000\040\000A\000r\000r\000a\000y}{chapter.12}% 67
\BOOKMARK [1][-]{section.12.6}{\376\377\000A\000h\000o\000-\000C\000o\000r\000a\000s\000i\000c\000k\000\040\000a\000l\000g\000o\000r\000i\000t\000h\000m}{chapter.12}% 68
\BOOKMARK [0][-]{chapter.13}{\376\377\000A\000d\000v\000a\000n\000c\000e\000d}{part.4}% 69
\BOOKMARK [1][-]{section.13.1}{\376\377\000S\000u\000f\000f\000i\000x\000\040\000T\000r\000e\000e\000.\000\040\000U\000k\000k\000o\000n\000e\000n\000'\000s\000\040\000A\000l\000g\000o\000r\000i\000t\000h\000m}{chapter.13}% 70
\BOOKMARK [1][-]{section.13.2}{\376\377\000S\000u\000f\000f\000i\000x\000\040\000A\000u\000t\000o\000m\000a\000t\000o\000n}{chapter.13}% 71
\BOOKMARK [1][-]{section.13.3}{\376\377\000L\000y\000n\000d\000o\000n\000\040\000f\000a\000c\000t\000o\000r\000i\000z\000a\000t\000i\000o\000n}{chapter.13}% 72
\BOOKMARK [0][-]{chapter.14}{\376\377\000T\000a\000s\000k\000s}{part.4}% 73
\BOOKMARK [1][-]{section.14.1}{\376\377\000E\000x\000p\000r\000e\000s\000s\000i\000o\000n\000\040\000p\000a\000r\000s\000i\000n\000g}{chapter.14}% 74
\BOOKMARK [1][-]{section.14.2}{\376\377\000M\000a\000n\000a\000c\000h\000e\000r\000'\000s\000\040\000A\000l\000g\000o\000r\000i\000t\000h\000m\000\040\000-\000\040\000F\000i\000n\000d\000i\000n\000g\000\040\000a\000l\000l\000\040\000s\000u\000b\000-\000p\000a\000l\000i\000n\000d\000r\000o\000m\000e\000s\000\040\000i\000n\000\040\000O\000\050\000N\000\051}{chapter.14}% 75
\BOOKMARK [1][-]{section.14.3}{\376\377\000F\000i\000n\000d\000i\000n\000g\000\040\000r\000e\000p\000e\000t\000i\000t\000i\000o\000n\000s}{chapter.14}% 76
\BOOKMARK [-1][-]{part.5}{\376\377\000V\000\040\000L\000i\000n\000e\000a\000r\000\040\000A\000l\000g\000e\000b\000r\000a}{}% 77
\BOOKMARK [0][-]{chapter.15}{\376\377\000M\000a\000t\000r\000i\000c\000e\000s}{part.5}% 78
\BOOKMARK [1][-]{section.15.1}{\376\377\000G\000a\000u\000s\000s\000\040\000m\000e\000t\000h\000o\000d\000\040\000f\000o\000r\000\040\000s\000o\000l\000v\000i\000n\000g\000\040\000s\000y\000s\000t\000e\000m\000\040\000o\000f\000\040\000l\000i\000n\000e\000a\000r\000\040\000e\000q\000u\000a\000t\000i\000o\000n\000s}{chapter.15}% 79
\BOOKMARK [1][-]{section.15.2}{\376\377\000C\000a\000l\000c\000u\000l\000a\000t\000i\000n\000g\000\040\000t\000h\000e\000\040\000d\000e\000t\000e\000r\000m\000i\000n\000a\000n\000t\000\040\000o\000f\000\040\000a\000\040\000m\000a\000t\000r\000i\000x\000\040\000b\000y\000\040\000G\000a\000u\000s\000s}{chapter.15}% 80
\BOOKMARK [1][-]{section.15.3}{\376\377\000C\000a\000l\000c\000u\000l\000a\000t\000i\000n\000g\000\040\000t\000h\000e\000\040\000d\000e\000t\000e\000r\000m\000i\000n\000a\000n\000t\000\040\000u\000s\000i\000n\000g\000\040\000K\000r\000a\000u\000t\000\040\000m\000e\000t\000h\000o\000d\000\040\000i\000n\000\040\000O\000\050\000N\000\136\0003\000\051}{chapter.15}% 81
\BOOKMARK [1][-]{section.15.4}{\376\377\000F\000i\000n\000d\000i\000n\000g\000\040\000t\000h\000e\000\040\000r\000a\000n\000k\000\040\000o\000f\000\040\000a\000\040\000m\000a\000t\000r\000i\000x}{chapter.15}% 82
\BOOKMARK [-1][-]{part.6}{\376\377\000V\000I\000\040\000C\000o\000m\000b\000i\000n\000a\000t\000o\000r\000i\000c\000s}{}% 83
\BOOKMARK [0][-]{chapter.16}{\376\377\000F\000u\000n\000d\000a\000m\000e\000n\000t\000a\000l\000s}{part.6}% 84
\BOOKMARK [1][-]{section.16.1}{\376\377\000F\000i\000n\000d\000i\000n\000g\000\040\000P\000o\000w\000e\000r\000\040\000o\000f\000\040\000F\000a\000c\000t\000o\000r\000i\000a\000l\000\040\000D\000i\000v\000i\000s\000o\000r}{chapter.16}% 85
\BOOKMARK [1][-]{section.16.2}{\376\377\000B\000i\000n\000o\000m\000i\000a\000l\000\040\000C\000o\000e\000f\000f\000i\000c\000i\000e\000n\000t\000s}{chapter.16}% 86
\BOOKMARK [1][-]{section.16.3}{\376\377\000C\000a\000t\000a\000l\000a\000n\000\040\000N\000u\000m\000b\000e\000r\000s}{chapter.16}% 87
\BOOKMARK [0][-]{chapter.17}{\376\377\000T\000e\000c\000h\000n\000i\000q\000u\000e\000s}{part.6}% 88
\BOOKMARK [1][-]{section.17.1}{\376\377\000T\000h\000e\000\040\000I\000n\000c\000l\000u\000s\000i\000o\000n\000-\000E\000x\000c\000l\000u\000s\000i\000o\000n\000\040\000P\000r\000i\000n\000c\000i\000p\000l\000e}{chapter.17}% 89
\BOOKMARK [1][-]{section.17.2}{\376\377\000B\000u\000r\000n\000s\000i\000d\000e\000'\000s\000\040\000l\000e\000m\000m\000a\000\040\000/\000\040\000P\000\363\000l\000y\000a\000\040\000e\000n\000u\000m\000e\000r\000a\000t\000i\000o\000n\000\040\000t\000h\000e\000o\000r\000e\000m}{chapter.17}% 90
\BOOKMARK [1][-]{section.17.3}{\376\377\000S\000t\000a\000r\000s\000\040\000a\000n\000d\000\040\000b\000a\000r\000s}{chapter.17}% 91
\BOOKMARK [1][-]{section.17.4}{\376\377\000G\000e\000n\000e\000r\000a\000t\000i\000n\000g\000\040\000a\000l\000l\000\040\000K\000-\000c\000o\000m\000b\000i\000n\000a\000t\000i\000o\000n\000s}{chapter.17}% 92
\BOOKMARK [0][-]{chapter.18}{\376\377\000T\000a\000s\000k\000s}{part.6}% 93
\BOOKMARK [1][-]{section.18.1}{\376\377\000P\000l\000a\000c\000i\000n\000g\000\040\000B\000i\000s\000h\000o\000p\000s\000\040\000o\000n\000\040\000a\000\040\000C\000h\000e\000s\000s\000b\000o\000a\000r\000d}{chapter.18}% 94
\BOOKMARK [1][-]{section.18.2}{\376\377\000B\000a\000l\000a\000n\000c\000e\000d\000\040\000b\000r\000a\000c\000k\000e\000t\000\040\000s\000e\000q\000u\000e\000n\000c\000e\000s}{chapter.18}% 95
\BOOKMARK [1][-]{section.18.3}{\376\377\000C\000o\000u\000n\000t\000i\000n\000g\000\040\000l\000a\000b\000e\000l\000e\000d\000\040\000g\000r\000a\000p\000h\000s}{chapter.18}% 96
\BOOKMARK [-1][-]{part.7}{\376\377\000V\000I\000I\000\040\000N\000u\000m\000e\000r\000i\000c\000a\000l\000\040\000M\000e\000t\000h\000o\000d\000s}{}% 97
\BOOKMARK [0][-]{chapter.19}{\376\377\000S\000e\000a\000r\000c\000h}{part.7}% 98
\BOOKMARK [1][-]{section.19.1}{\376\377\000B\000i\000n\000a\000r\000y\000\040\000s\000e\000a\000r\000c\000h}{chapter.19}% 99
\BOOKMARK [1][-]{section.19.2}{\376\377\000T\000e\000r\000n\000a\000r\000y\000\040\000S\000e\000a\000r\000c\000h}{chapter.19}% 100
\BOOKMARK [1][-]{section.19.3}{\376\377\000N\000e\000w\000t\000o\000n\000'\000s\000\040\000m\000e\000t\000h\000o\000d\000\040\000f\000o\000r\000\040\000f\000i\000n\000d\000i\000n\000g\000\040\000r\000o\000o\000t\000s}{chapter.19}% 101
\BOOKMARK [1][-]{section.19.4}{\376\377\000S\000i\000m\000u\000l\000a\000t\000e\000d\000\040\000A\000n\000n\000e\000a\000l\000i\000n\000g}{chapter.19}% 102
\BOOKMARK [0][-]{chapter.20}{\376\377\000I\000n\000t\000e\000g\000r\000a\000t\000i\000o\000n}{part.7}% 103
\BOOKMARK [1][-]{section.20.1}{\376\377\000I\000n\000t\000e\000g\000r\000a\000t\000i\000o\000n\000\040\000b\000y\000\040\000S\000i\000m\000p\000s\000o\000n\000'\000s\000\040\000f\000o\000r\000m\000u\000l\000a}{chapter.20}% 104
\BOOKMARK [-1][-]{part.8}{\376\377\000V\000I\000I\000I\000\040\000G\000e\000o\000m\000e\000t\000r\000y}{}% 105
\BOOKMARK [0][-]{chapter.21}{\376\377\000E\000l\000e\000m\000e\000n\000t\000a\000r\000y\000\040\000o\000p\000e\000r\000a\000t\000i\000o\000n\000s}{part.8}% 106
\BOOKMARK [1][-]{section.21.1}{\376\377\000B\000a\000s\000i\000c\000\040\000G\000e\000o\000m\000e\000t\000r\000y}{chapter.21}% 107
\BOOKMARK [1][-]{section.21.2}{\376\377\000F\000i\000n\000d\000i\000n\000g\000\040\000t\000h\000e\000\040\000e\000q\000u\000a\000t\000i\000o\000n\000\040\000o\000f\000\040\000a\000\040\000l\000i\000n\000e\000\040\000f\000o\000r\000\040\000a\000\040\000s\000e\000g\000m\000e\000n\000t}{chapter.21}% 108
\BOOKMARK [1][-]{section.21.3}{\376\377\000I\000n\000t\000e\000r\000s\000e\000c\000t\000i\000o\000n\000\040\000P\000o\000i\000n\000t\000\040\000o\000f\000\040\000L\000i\000n\000e\000s}{chapter.21}% 109
\BOOKMARK [1][-]{section.21.4}{\376\377\000C\000h\000e\000c\000k\000\040\000i\000f\000\040\000t\000w\000o\000\040\000s\000e\000g\000m\000e\000n\000t\000s\000\040\000i\000n\000t\000e\000r\000s\000e\000c\000t}{chapter.21}% 110
\BOOKMARK [1][-]{section.21.5}{\376\377\000F\000i\000n\000d\000i\000n\000g\000\040\000i\000n\000t\000e\000r\000s\000e\000c\000t\000i\000o\000n\000\040\000o\000f\000\040\000t\000w\000o\000\040\000s\000e\000g\000m\000e\000n\000t\000s}{chapter.21}% 111
\BOOKMARK [1][-]{section.21.6}{\376\377\000C\000i\000r\000c\000l\000e\000-\000L\000i\000n\000e\000\040\000I\000n\000t\000e\000r\000s\000e\000c\000t\000i\000o\000n}{chapter.21}% 112
\BOOKMARK [1][-]{section.21.7}{\376\377\000C\000i\000r\000c\000l\000e\000-\000C\000i\000r\000c\000l\000e\000\040\000I\000n\000t\000e\000r\000s\000e\000c\000t\000i\000o\000n}{chapter.21}% 113
\BOOKMARK [1][-]{section.21.8}{\376\377\000F\000i\000n\000d\000i\000n\000g\000\040\000c\000o\000m\000m\000o\000n\000\040\000t\000a\000n\000g\000e\000n\000t\000s\000\040\000t\000o\000\040\000t\000w\000o\000\040\000c\000i\000r\000c\000l\000e\000s}{chapter.21}% 114
\BOOKMARK [1][-]{section.21.9}{\376\377\000L\000e\000n\000g\000t\000h\000\040\000o\000f\000\040\000t\000h\000e\000\040\000u\000n\000i\000o\000n\000\040\000o\000f\000\040\000s\000e\000g\000m\000e\000n\000t\000s}{chapter.21}% 115
\BOOKMARK [0][-]{chapter.22}{\376\377\000P\000o\000l\000y\000g\000o\000n\000s}{part.8}% 116
\BOOKMARK [1][-]{section.22.1}{\376\377\000O\000r\000i\000e\000n\000t\000e\000d\000\040\000a\000r\000e\000a\000\040\000o\000f\000\040\000a\000\040\000t\000r\000i\000a\000n\000g\000l\000e}{chapter.22}% 117
\BOOKMARK [1][-]{section.22.2}{\376\377\000F\000i\000n\000d\000i\000n\000g\000\040\000a\000r\000e\000a\000\040\000o\000f\000\040\000s\000i\000m\000p\000l\000e\000\040\000p\000o\000l\000y\000g\000o\000n\000\040\000i\000n\000\040\000O\000\050\000N\000\051}{chapter.22}% 118
\BOOKMARK [1][-]{section.22.3}{\376\377\000C\000h\000e\000c\000k\000\040\000i\000f\000\040\000p\000o\000i\000n\000t\000\040\000b\000e\000l\000o\000n\000g\000s\000\040\000t\000o\000\040\000t\000h\000e\000\040\000c\000o\000n\000v\000e\000x\000\040\000p\000o\000l\000y\000g\000o\000n\000\040\000i\000n\000\040\000O\000\050\000\134\000l\000o\000g\000\040\000N\000\051}{chapter.22}% 119
\BOOKMARK [1][-]{section.22.4}{\376\377\000M\000i\000n\000k\000o\000w\000s\000k\000i\000\040\000s\000u\000m\000\040\000o\000f\000\040\000c\000o\000n\000v\000e\000x\000\040\000p\000o\000l\000y\000g\000o\000n\000s}{chapter.22}% 120
\BOOKMARK [1][-]{section.22.5}{\376\377\000P\000i\000c\000k\000'\000s\000\040\000T\000h\000e\000o\000r\000e\000m}{chapter.22}% 121
\BOOKMARK [1][-]{section.22.6}{\376\377\000L\000a\000t\000t\000i\000c\000e\000\040\000p\000o\000i\000n\000t\000s\000\040\000i\000n\000s\000i\000d\000e\000\040\000n\000o\000n\000-\000l\000a\000t\000t\000i\000c\000e\000\040\000p\000o\000l\000y\000g\000o\000n}{chapter.22}% 122
\BOOKMARK [0][-]{chapter.23}{\376\377\000C\000o\000n\000v\000e\000x\000\040\000h\000u\000l\000l}{part.8}% 123
\BOOKMARK [1][-]{section.23.1}{\376\377\000C\000o\000n\000v\000e\000x\000\040\000H\000u\000l\000l\000\040\000c\000o\000n\000s\000t\000r\000u\000c\000t\000i\000o\000n}{chapter.23}% 124
\BOOKMARK [1][-]{section.23.2}{\376\377\000C\000o\000n\000v\000e\000x\000\040\000h\000u\000l\000l\000\040\000t\000r\000i\000c\000k\000\040\000a\000n\000d\000\040\000L\000i\000\040\000C\000h\000a\000o\000\040\000t\000r\000e\000e}{chapter.23}% 125
\BOOKMARK [0][-]{chapter.24}{\376\377\000S\000w\000e\000e\000p\000-\000l\000i\000n\000e}{part.8}% 126
\BOOKMARK [1][-]{section.24.1}{\376\377\000S\000e\000a\000r\000c\000h\000\040\000f\000o\000r\000\040\000a\000\040\000p\000a\000i\000r\000\040\000o\000f\000\040\000i\000n\000t\000e\000r\000s\000e\000c\000t\000i\000n\000g\000\040\000s\000e\000g\000m\000e\000n\000t\000s}{chapter.24}% 127
\BOOKMARK [0][-]{chapter.25}{\376\377\000P\000l\000a\000n\000a\000r\000\040\000g\000r\000a\000p\000h\000s}{part.8}% 128
\BOOKMARK [1][-]{section.25.1}{\376\377\000F\000i\000n\000d\000i\000n\000g\000\040\000f\000a\000c\000e\000s\000\040\000o\000f\000\040\000a\000\040\000p\000l\000a\000n\000a\000r\000\040\000g\000r\000a\000p\000h}{chapter.25}% 129
\BOOKMARK [1][-]{section.25.2}{\376\377\000P\000o\000i\000n\000t\000\040\000l\000o\000c\000a\000t\000i\000o\000n\000\040\000i\000n\000\040\000O\000\050\000l\000o\000g\000\040\000n\000\051}{chapter.25}% 130
\BOOKMARK [0][-]{chapter.26}{\376\377\000M\000i\000s\000c\000e\000l\000l\000a\000n\000e\000o\000u\000s}{part.8}% 131
\BOOKMARK [1][-]{section.26.1}{\376\377\000F\000i\000n\000d\000i\000n\000g\000\040\000t\000h\000e\000\040\000n\000e\000a\000r\000e\000s\000t\000\040\000p\000a\000i\000r\000\040\000o\000f\000\040\000p\000o\000i\000n\000t\000s}{chapter.26}% 132
\BOOKMARK [1][-]{section.26.2}{\376\377\000D\000e\000l\000a\000u\000n\000a\000y\000\040\000t\000r\000i\000a\000n\000g\000u\000l\000a\000t\000i\000o\000n\000\040\000a\000n\000d\000\040\000V\000o\000r\000o\000n\000o\000i\000\040\000d\000i\000a\000g\000r\000a\000m}{chapter.26}% 133
\BOOKMARK [1][-]{section.26.3}{\376\377\000V\000e\000r\000t\000i\000c\000a\000l\000\040\000d\000e\000c\000o\000m\000p\000o\000s\000i\000t\000i\000o\000n}{chapter.26}% 134
\BOOKMARK [1][-]{section.26.4}{\376\377\000H\000a\000l\000f\000-\000p\000l\000a\000n\000e\000\040\000i\000n\000t\000e\000r\000s\000e\000c\000t\000i\000o\000n}{chapter.26}% 135
\BOOKMARK [1][-]{section.26.5}{\376\377\000M\000a\000n\000h\000a\000t\000t\000a\000n\000\040\000D\000i\000s\000t\000a\000n\000c\000e}{chapter.26}% 136
\BOOKMARK [1][-]{section.26.6}{\376\377\000M\000i\000n\000i\000m\000u\000m\000\040\000E\000n\000c\000l\000o\000s\000i\000n\000g\000\040\000C\000i\000r\000c\000l\000e}{chapter.26}% 137
\BOOKMARK [-1][-]{part.9}{\376\377\000I\000X\000\040\000G\000r\000a\000p\000h\000s}{}% 138
\BOOKMARK [0][-]{chapter.27}{\376\377\000G\000r\000a\000p\000h\000\040\000t\000r\000a\000v\000e\000r\000s\000a\000l}{part.9}% 139
\BOOKMARK [1][-]{section.27.1}{\376\377\000B\000r\000e\000a\000d\000t\000h\000-\000f\000i\000r\000s\000t\000\040\000s\000e\000a\000r\000c\000h}{chapter.27}% 140
\BOOKMARK [1][-]{section.27.2}{\376\377\000D\000e\000p\000t\000h\000\040\000F\000i\000r\000s\000t\000\040\000S\000e\000a\000r\000c\000h}{chapter.27}% 141
\BOOKMARK [0][-]{chapter.28}{\376\377\000C\000o\000n\000n\000e\000c\000t\000e\000d\000\040\000c\000o\000m\000p\000o\000n\000e\000n\000t\000s\000,\000\040\000b\000r\000i\000d\000g\000e\000s\000,\000\040\000a\000r\000t\000i\000c\000u\000l\000a\000t\000i\000o\000n\000s\000\040\000p\000o\000i\000n\000t\000s}{part.9}% 142
\BOOKMARK [1][-]{section.28.1}{\376\377\000S\000e\000a\000r\000c\000h\000\040\000f\000o\000r\000\040\000c\000o\000n\000n\000e\000c\000t\000e\000d\000\040\000c\000o\000m\000p\000o\000n\000e\000n\000t\000s\000\040\000i\000n\000\040\000a\000\040\000g\000r\000a\000p\000h}{chapter.28}% 143
\BOOKMARK [1][-]{section.28.2}{\376\377\000F\000i\000n\000d\000i\000n\000g\000\040\000b\000r\000i\000d\000g\000e\000s\000\040\000i\000n\000\040\000a\000\040\000g\000r\000a\000p\000h\000\040\000i\000n\000\040\000O\000\050\000N\000+\000M\000\051}{chapter.28}% 144
\BOOKMARK [1][-]{section.28.3}{\376\377\000F\000i\000n\000d\000i\000n\000g\000\040\000B\000r\000i\000d\000g\000e\000s\000\040\000O\000n\000l\000i\000n\000e}{chapter.28}% 145
\BOOKMARK [1][-]{section.28.4}{\376\377\000F\000i\000n\000d\000i\000n\000g\000\040\000a\000r\000t\000i\000c\000u\000l\000a\000t\000i\000o\000n\000\040\000p\000o\000i\000n\000t\000s\000\040\000i\000n\000\040\000a\000\040\000g\000r\000a\000p\000h\000\040\000i\000n\000\040\000O\000\050\000N\000+\000M\000\051}{chapter.28}% 146
\BOOKMARK [1][-]{section.28.5}{\376\377\000S\000t\000r\000o\000n\000g\000l\000y\000\040\000c\000o\000n\000n\000e\000c\000t\000e\000d\000\040\000c\000o\000m\000p\000o\000n\000e\000n\000t\000s\000\040\000a\000n\000d\000\040\000t\000h\000e\000\040\000c\000o\000n\000d\000e\000n\000s\000a\000t\000i\000o\000n\000\040\000g\000r\000a\000p\000h}{chapter.28}% 147
\BOOKMARK [1][-]{section.28.6}{\376\377\000S\000t\000r\000o\000n\000g\000\040\000O\000r\000i\000e\000n\000t\000a\000t\000i\000o\000n}{chapter.28}% 148
\BOOKMARK [0][-]{chapter.29}{\376\377\000S\000i\000n\000g\000l\000e\000-\000s\000o\000u\000r\000c\000e\000\040\000s\000h\000o\000r\000t\000e\000s\000t\000\040\000p\000a\000t\000h\000s}{part.9}% 149
\BOOKMARK [1][-]{section.29.1}{\376\377\000D\000i\000j\000k\000s\000t\000r\000a\000\040\000A\000l\000g\000o\000r\000i\000t\000h\000m}{chapter.29}% 150
\BOOKMARK [1][-]{section.29.2}{\376\377\000D\000i\000j\000k\000s\000t\000r\000a\000\040\000o\000n\000\040\000s\000p\000a\000r\000s\000e\000\040\000g\000r\000a\000p\000h\000s}{chapter.29}% 151
\BOOKMARK [1][-]{section.29.3}{\376\377\000B\000e\000l\000l\000m\000a\000n\000-\000F\000o\000r\000d\000\040\000A\000l\000g\000o\000r\000i\000t\000h\000m}{chapter.29}% 152
\BOOKMARK [1][-]{section.29.4}{\376\377\0000\000-\0001\000\040\000B\000F\000S}{chapter.29}% 153
\BOOKMARK [1][-]{section.29.5}{\376\377\000D\000\264\000E\000s\000o\000p\000o\000-\000P\000a\000p\000e\000\040\000a\000l\000g\000o\000r\000i\000t\000h\000m}{chapter.29}% 154
\BOOKMARK [0][-]{chapter.30}{\376\377\000A\000l\000l\000-\000p\000a\000i\000r\000s\000\040\000s\000h\000o\000r\000t\000e\000s\000t\000\040\000p\000a\000t\000h\000s}{part.9}% 155
\BOOKMARK [1][-]{section.30.1}{\376\377\000F\000l\000o\000y\000d\000-\000W\000a\000r\000s\000h\000a\000l\000l\000\040\000A\000l\000g\000o\000r\000i\000t\000h\000m}{chapter.30}% 156
\BOOKMARK [1][-]{section.30.2}{\376\377\000N\000u\000m\000b\000e\000r\000\040\000o\000f\000\040\000p\000a\000t\000h\000s\000\040\000o\000f\000\040\000f\000i\000x\000e\000d\000\040\000l\000e\000n\000g\000t\000h\000\040\000/\000\040\000S\000h\000o\000r\000t\000e\000s\000t\000\040\000p\000a\000t\000h\000s\000\040\000o\000f\000\040\000f\000i\000x\000e\000d\000\040\000l\000e\000n\000g\000t\000h}{chapter.30}% 157
\BOOKMARK [0][-]{chapter.31}{\376\377\000S\000p\000a\000n\000n\000i\000n\000g\000\040\000t\000r\000e\000e\000s}{part.9}% 158
\BOOKMARK [1][-]{section.31.1}{\376\377\000M\000i\000n\000i\000m\000u\000m\000\040\000s\000p\000a\000n\000n\000i\000n\000g\000\040\000t\000r\000e\000e\000\040\000-\000\040\000P\000r\000i\000m\000'\000s\000\040\000a\000l\000g\000o\000r\000i\000t\000h\000m}{chapter.31}% 159
\BOOKMARK [1][-]{section.31.2}{\376\377\000M\000i\000n\000i\000m\000u\000m\000\040\000s\000p\000a\000n\000n\000i\000n\000g\000\040\000t\000r\000e\000e\000\040\000-\000\040\000K\000r\000u\000s\000k\000a\000l\000'\000s\000\040\000a\000l\000g\000o\000r\000i\000t\000h\000m}{chapter.31}% 160
\BOOKMARK [1][-]{section.31.3}{\376\377\000M\000i\000n\000i\000m\000u\000m\000\040\000s\000p\000a\000n\000n\000i\000n\000g\000\040\000t\000r\000e\000e\000\040\000-\000\040\000K\000r\000u\000s\000k\000a\000l\000\040\000w\000i\000t\000h\000\040\000D\000i\000s\000j\000o\000i\000n\000t\000\040\000S\000e\000t\000\040\000U\000n\000i\000o\000n}{chapter.31}% 161
\BOOKMARK [1][-]{section.31.4}{\376\377\000S\000e\000c\000o\000n\000d\000\040\000B\000e\000s\000t\000\040\000M\000i\000n\000i\000m\000u\000m\000\040\000S\000p\000a\000n\000n\000i\000n\000g\000\040\000T\000r\000e\000e}{chapter.31}% 162
\BOOKMARK [1][-]{section.31.5}{\376\377\000K\000i\000r\000c\000h\000h\000o\000f\000f\000'\000s\000\040\000t\000h\000e\000o\000r\000e\000m\000.\000\040\000F\000i\000n\000d\000i\000n\000g\000\040\000t\000h\000e\000\040\000n\000u\000m\000b\000e\000r\000\040\000o\000f\000\040\000s\000p\000a\000n\000n\000i\000n\000g\000\040\000t\000r\000e\000e\000s}{chapter.31}% 163
\BOOKMARK [1][-]{section.31.6}{\376\377\000P\000r\000\374\000f\000e\000r\000\040\000c\000o\000d\000e}{chapter.31}% 164
\BOOKMARK [0][-]{chapter.32}{\376\377\000C\000y\000c\000l\000e\000s}{part.9}% 165
\BOOKMARK [1][-]{section.32.1}{\376\377\000C\000h\000e\000c\000k\000i\000n\000g\000\040\000a\000\040\000g\000r\000a\000p\000h\000\040\000f\000o\000r\000\040\000a\000c\000y\000c\000l\000i\000c\000i\000t\000y\000\040\000a\000n\000d\000\040\000f\000i\000n\000d\000i\000n\000g\000\040\000a\000\040\000c\000y\000c\000l\000e\000\040\000i\000n\000\040\000O\000\050\000M\000\051}{chapter.32}% 166
\BOOKMARK [1][-]{section.32.2}{\376\377\000F\000i\000n\000d\000i\000n\000g\000\040\000a\000\040\000n\000e\000g\000a\000t\000i\000v\000e\000\040\000c\000y\000c\000l\000e\000\040\000i\000n\000\040\000t\000h\000e\000\040\000g\000r\000a\000p\000h}{chapter.32}% 167
\BOOKMARK [1][-]{section.32.3}{\376\377\000F\000i\000n\000d\000i\000n\000g\000\040\000t\000h\000e\000\040\000E\000u\000l\000e\000r\000i\000a\000n\000\040\000p\000a\000t\000h\000\040\000i\000n\000\040\000O\000\050\000M\000\051}{chapter.32}% 168
\BOOKMARK [0][-]{chapter.33}{\376\377\000L\000o\000w\000e\000s\000t\000\040\000c\000o\000m\000m\000o\000n\000\040\000a\000n\000c\000e\000s\000t\000o\000r}{part.9}% 169
\BOOKMARK [1][-]{section.33.1}{\376\377\000L\000o\000w\000e\000s\000t\000\040\000C\000o\000m\000m\000o\000n\000\040\000A\000n\000c\000e\000s\000t\000o\000r\000\040\000-\000\040\000O\000\050\000\134\000s\000q\000r\000t\000\173\000N\000\175\000\051\000\040\000a\000n\000d\000\040\000O\000\050\000\134\000l\000o\000g\000\040\000N\000\051\000\040\000w\000i\000t\000h\000\040\000O\000\050\000N\000\051\000\040\000p\000r\000e\000p\000r\000o\000c\000e\000s\000s\000i\000n\000g}{chapter.33}% 170
\BOOKMARK [1][-]{section.33.2}{\376\377\000L\000o\000w\000e\000s\000t\000\040\000C\000o\000m\000m\000o\000n\000\040\000A\000n\000c\000e\000s\000t\000o\000r\000\040\000-\000\040\000B\000i\000n\000a\000r\000y\000\040\000L\000i\000f\000t\000i\000n\000g}{chapter.33}% 171
\BOOKMARK [1][-]{section.33.3}{\376\377\000L\000o\000w\000e\000s\000t\000\040\000C\000o\000m\000m\000o\000n\000\040\000A\000n\000c\000e\000s\000t\000o\000r\000\040\000-\000\040\000F\000a\000r\000a\000c\000h\000-\000C\000o\000l\000t\000o\000n\000\040\000a\000n\000d\000\040\000B\000e\000n\000d\000e\000r\000\040\000A\000l\000g\000o\000r\000i\000t\000h\000m}{chapter.33}% 172
\BOOKMARK [1][-]{section.33.4}{\376\377\000S\000o\000l\000v\000e\000\040\000R\000M\000Q\000\040\000\050\000R\000a\000n\000g\000e\000\040\000M\000i\000n\000i\000m\000u\000m\000\040\000Q\000u\000e\000r\000y\000\051\000\040\000b\000y\000\040\000f\000i\000n\000d\000i\000n\000g\000\040\000L\000C\000A\000\040\000\050\000L\000o\000w\000e\000s\000t\000\040\000C\000o\000m\000m\000o\000n\000\040\000A\000n\000c\000e\000s\000t\000o\000r\000\051}{chapter.33}% 173
\BOOKMARK [1][-]{section.33.5}{\376\377\000L\000o\000w\000e\000s\000t\000\040\000C\000o\000m\000m\000o\000n\000\040\000A\000n\000c\000e\000s\000t\000o\000r\000\040\000-\000\040\000T\000a\000r\000j\000a\000n\000'\000s\000\040\000o\000f\000f\000-\000l\000i\000n\000e\000\040\000a\000l\000g\000o\000r\000i\000t\000h\000m}{chapter.33}% 174
\BOOKMARK [0][-]{chapter.34}{\376\377\000F\000l\000o\000w\000s\000\040\000a\000n\000d\000\040\000r\000e\000l\000a\000t\000e\000d\000\040\000p\000r\000o\000b\000l\000e\000m\000s}{part.9}% 175
\BOOKMARK [1][-]{section.34.1}{\376\377\000M\000a\000x\000i\000m\000u\000m\000\040\000f\000l\000o\000w\000\040\000-\000\040\000F\000o\000r\000d\000-\000F\000u\000l\000k\000e\000r\000s\000o\000n\000\040\000a\000n\000d\000\040\000E\000d\000m\000o\000n\000d\000s\000-\000K\000a\000r\000p}{chapter.34}% 176
\BOOKMARK [1][-]{section.34.2}{\376\377\000M\000a\000x\000i\000m\000u\000m\000\040\000f\000l\000o\000w\000\040\000-\000\040\000P\000u\000s\000h\000-\000r\000e\000l\000a\000b\000e\000l\000\040\000a\000l\000g\000o\000r\000i\000t\000h\000m}{chapter.34}% 177
\BOOKMARK [1][-]{section.34.3}{\376\377\000M\000a\000x\000i\000m\000u\000m\000\040\000f\000l\000o\000w\000\040\000-\000\040\000P\000u\000s\000h\000-\000r\000e\000l\000a\000b\000e\000l\000\040\000m\000e\000t\000h\000o\000d\000\040\000i\000m\000p\000r\000o\000v\000e\000d}{chapter.34}% 178
\BOOKMARK [1][-]{section.34.4}{\376\377\000M\000a\000x\000i\000m\000u\000m\000\040\000f\000l\000o\000w\000\040\000-\000\040\000D\000i\000n\000i\000c\000'\000s\000\040\000a\000l\000g\000o\000r\000i\000t\000h\000m}{chapter.34}% 179
\BOOKMARK [1][-]{section.34.5}{\376\377\000M\000a\000x\000i\000m\000u\000m\000\040\000f\000l\000o\000w\000\040\000-\000\040\000M\000P\000M\000\040\000a\000l\000g\000o\000r\000i\000t\000h\000m}{chapter.34}% 180
\BOOKMARK [1][-]{section.34.6}{\376\377\000F\000l\000o\000w\000s\000\040\000w\000i\000t\000h\000\040\000d\000e\000m\000a\000n\000d\000s}{chapter.34}% 181
\BOOKMARK [1][-]{section.34.7}{\376\377\000M\000i\000n\000i\000m\000u\000m\000-\000c\000o\000s\000t\000\040\000f\000l\000o\000w\000\040\000-\000\040\000S\000u\000c\000c\000e\000s\000s\000i\000v\000e\000\040\000s\000h\000o\000r\000t\000e\000s\000t\000\040\000p\000a\000t\000h\000\040\000a\000l\000g\000o\000r\000i\000t\000h\000m}{chapter.34}% 182
\BOOKMARK [1][-]{section.34.8}{\376\377\000S\000o\000l\000v\000i\000n\000g\000\040\000a\000s\000s\000i\000g\000n\000m\000e\000n\000t\000\040\000p\000r\000o\000b\000l\000e\000m\000\040\000u\000s\000i\000n\000g\000\040\000m\000i\000n\000-\000c\000o\000s\000t\000-\000f\000l\000o\000w}{chapter.34}% 183
\BOOKMARK [1][-]{section.34.9}{\376\377\000M\000i\000n\000i\000m\000u\000m\000\040\000c\000u\000t\000\040\000-\000\040\000S\000t\000o\000e\000r\000-\000W\000a\000g\000n\000e\000r\000\040\000a\000l\000g\000o\000r\000i\000t\000h\000m}{chapter.34}% 184
\BOOKMARK [0][-]{chapter.35}{\376\377\000M\000a\000t\000c\000h\000i\000n\000g\000s\000\040\000a\000n\000d\000\040\000r\000e\000l\000a\000t\000e\000d\000\040\000p\000r\000o\000b\000l\000e\000m\000s}{part.9}% 185
\BOOKMARK [1][-]{section.35.1}{\376\377\000C\000h\000e\000c\000k\000\040\000w\000h\000e\000t\000h\000e\000r\000\040\000a\000\040\000g\000r\000a\000p\000h\000\040\000i\000s\000\040\000b\000i\000p\000a\000r\000t\000i\000t\000e}{chapter.35}% 186
\BOOKMARK [1][-]{section.35.2}{\376\377\000K\000u\000h\000n\000'\000s\000\040\000A\000l\000g\000o\000r\000i\000t\000h\000m\000\040\000f\000o\000r\000\040\000M\000a\000x\000i\000m\000u\000m\000\040\000B\000i\000p\000a\000r\000t\000i\000t\000e\000\040\000M\000a\000t\000c\000h\000i\000n\000g}{chapter.35}% 187
\BOOKMARK [1][-]{section.35.3}{\376\377\000H\000u\000n\000g\000a\000r\000i\000a\000n\000\040\000a\000l\000g\000o\000r\000i\000t\000h\000m\000\040\000f\000o\000r\000\040\000s\000o\000l\000v\000i\000n\000g\000\040\000t\000h\000e\000\040\000a\000s\000s\000i\000g\000n\000m\000e\000n\000t\000\040\000p\000r\000o\000b\000l\000e\000m}{chapter.35}% 188
\BOOKMARK [0][-]{chapter.36}{\376\377\000M\000i\000s\000c\000e\000l\000l\000a\000n\000e\000o\000u\000s}{part.9}% 189
\BOOKMARK [1][-]{section.36.1}{\376\377\000T\000o\000p\000o\000l\000o\000g\000i\000c\000a\000l\000\040\000S\000o\000r\000t\000i\000n\000g}{chapter.36}% 190
\BOOKMARK [1][-]{section.36.2}{\376\377\000E\000d\000g\000e\000\040\000c\000o\000n\000n\000e\000c\000t\000i\000v\000i\000t\000y\000\040\000/\000\040\000V\000e\000r\000t\000e\000x\000\040\000c\000o\000n\000n\000e\000c\000t\000i\000v\000i\000t\000y}{chapter.36}% 191
\BOOKMARK [1][-]{section.36.3}{\376\377\000P\000a\000i\000n\000t\000\040\000t\000h\000e\000\040\000e\000d\000g\000e\000s\000\040\000o\000f\000\040\000t\000h\000e\000\040\000t\000r\000e\000e}{chapter.36}% 192
\BOOKMARK [1][-]{section.36.4}{\376\377\0002\000-\000S\000A\000T}{chapter.36}% 193
\BOOKMARK [1][-]{section.36.5}{\376\377\000H\000e\000a\000v\000y\000-\000l\000i\000g\000h\000t\000\040\000d\000e\000c\000o\000m\000p\000o\000s\000i\000t\000i\000o\000n}{chapter.36}% 194
\BOOKMARK [1][-]{section.36.6}{\376\377\000C\000e\000n\000t\000r\000o\000i\000d\000\040\000D\000e\000c\000o\000m\000p\000o\000s\000i\000t\000i\000o\000n}{chapter.36}% 195
\BOOKMARK [-1][-]{part.10}{\376\377\000X\000\040\000M\000i\000s\000c\000e\000l\000l\000a\000n\000e\000o\000u\000s}{}% 196
\BOOKMARK [0][-]{chapter.37}{\376\377\000S\000e\000q\000u\000e\000n\000c\000e\000s}{part.10}% 197
\BOOKMARK [1][-]{section.37.1}{\376\377\000R\000a\000n\000g\000e\000\040\000M\000i\000n\000i\000m\000u\000m\000\040\000Q\000u\000e\000r\000y}{chapter.37}% 198
\BOOKMARK [1][-]{section.37.2}{\376\377\000S\000e\000a\000r\000c\000h\000\040\000t\000h\000e\000\040\000s\000u\000b\000a\000r\000r\000a\000y\000\040\000w\000i\000t\000h\000\040\000t\000h\000e\000\040\000m\000a\000x\000i\000m\000u\000m\000/\000m\000i\000n\000i\000m\000u\000m\000\040\000s\000u\000m}{chapter.37}% 199
\BOOKMARK [1][-]{section.37.3}{\376\377\000K\000t\000h\000\040\000o\000r\000d\000e\000r\000\040\000s\000t\000a\000t\000i\000s\000t\000i\000c\000\040\000i\000n\000\040\000O\000\050\000N\000\051}{chapter.37}% 200
\BOOKMARK [1][-]{section.37.4}{\376\377\000M\000E\000X\000\040\000\050\000m\000i\000n\000i\000m\000a\000l\000\040\000e\000x\000c\000l\000u\000d\000e\000d\000\051\000\040\000o\000f\000\040\000a\000\040\000s\000e\000q\000u\000e\000n\000c\000e}{chapter.37}% 201
\BOOKMARK [0][-]{chapter.38}{\376\377\000G\000a\000m\000e\000\040\000T\000h\000e\000o\000r\000y}{part.10}% 202
\BOOKMARK [1][-]{section.38.1}{\376\377\000G\000a\000m\000e\000s\000\040\000o\000n\000\040\000a\000r\000b\000i\000t\000r\000a\000r\000y\000\040\000g\000r\000a\000p\000h\000s}{chapter.38}% 203
\BOOKMARK [1][-]{section.38.2}{\376\377\000S\000p\000r\000a\000g\000u\000e\000-\000G\000r\000u\000n\000d\000y\000\040\000t\000h\000e\000o\000r\000e\000m\000.\000\040\000N\000i\000m}{chapter.38}% 204
\BOOKMARK [0][-]{chapter.39}{\376\377\000S\000c\000h\000e\000d\000u\000l\000e\000s}{part.10}% 205
\BOOKMARK [1][-]{section.39.1}{\376\377\000S\000c\000h\000e\000d\000u\000l\000i\000n\000g\000\040\000j\000o\000b\000s\000\040\000o\000n\000\040\000o\000n\000e\000\040\000m\000a\000c\000h\000i\000n\000e}{chapter.39}% 206
\BOOKMARK [1][-]{section.39.2}{\376\377\000S\000c\000h\000e\000d\000u\000l\000i\000n\000g\000\040\000j\000o\000b\000s\000\040\000o\000n\000\040\000t\000w\000o\000\040\000m\000a\000c\000h\000i\000n\000e\000s}{chapter.39}% 207
\BOOKMARK [1][-]{section.39.3}{\376\377\000O\000p\000t\000i\000m\000a\000l\000\040\000s\000c\000h\000e\000d\000u\000l\000e\000\040\000o\000f\000\040\000j\000o\000b\000s\000\040\000g\000i\000v\000e\000n\000\040\000t\000h\000e\000i\000r\000\040\000d\000e\000a\000d\000l\000i\000n\000e\000s\000\040\000a\000n\000d\000\040\000d\000u\000r\000a\000t\000i\000o\000n\000s}{chapter.39}% 208
\BOOKMARK [0][-]{chapter.40}{\376\377\000M\000i\000s\000c\000e\000l\000l\000a\000n\000e\000o\000u\000s}{part.10}% 209
\BOOKMARK [1][-]{section.40.1}{\376\377\000F\000l\000o\000y\000d\000'\000s\000\040\000L\000i\000n\000k\000e\000d\000\040\000L\000i\000s\000t\000\040\000C\000y\000c\000l\000e\000\040\000F\000i\000n\000d\000i\000n\000g\000\040\000A\000l\000g\000o\000r\000i\000t\000h\000m}{chapter.40}% 210
\BOOKMARK [1][-]{section.40.2}{\376\377\000P\000r\000o\000b\000l\000e\000m\000s\000:}{chapter.40}% 211
\BOOKMARK [1][-]{section.40.3}{\376\377\000J\000o\000s\000e\000p\000h\000u\000s\000\040\000P\000r\000o\000b\000l\000e\000m}{chapter.40}% 212
\BOOKMARK [1][-]{section.40.4}{\376\377\0001\0005\000\040\000P\000u\000z\000z\000l\000e\000\040\000G\000a\000m\000e\000:\000\040\000E\000x\000i\000s\000t\000e\000n\000c\000e\000\040\000O\000f\000\040\000T\000h\000e\000\040\000S\000o\000l\000u\000t\000i\000o\000n}{chapter.40}% 213
\BOOKMARK [1][-]{section.40.5}{\376\377\000T\000h\000e\000\040\000S\000t\000e\000r\000n\000-\000B\000r\000o\000c\000o\000t\000\040\000t\000r\000e\000e\000\040\000a\000n\000d\000\040\000F\000a\000r\000e\000y\000\040\000s\000e\000q\000u\000e\000n\000c\000e\000s}{chapter.40}% 214
